Build started 24/12/2023 4:13:52 am.
     1>Project "C:\Users\Administrator\Desktop\mona\WindowQuotePro\WindowQuotePro\WindowQuotePro.vcxproj" on node 2 (Rebuild target(s)).
     1>ClCompile:
         C:\Program Files (x86)\Microsoft Visual Studio 12.0\VC\bin\x86_amd64\CL.exe /c /Zi /nologo /W3 /WX- /sdl /Od /D _DEBUG /D _WINDOWS /D _UNICODE /D UNICODE /Gm /EHsc /RTC1 /MDd /GS /fp:precise /Zc:wchar_t /Zc:forScope /Fo"x64\Debug\\" /Fd"x64\Debug\vc120.pdb" /Gd /TP /errorReport:prompt app.cpp apprunner.cpp mainwindow.cpp quote.cpp quotemanager.cpp resource.cpp
         resource.cpp
         quotemanager.cpp
         quote.cpp
         mainwindow.cpp
         apprunner.cpp
         app.cpp
         Generating Code...
       Link:
         C:\Program Files (x86)\Microsoft Visual Studio 12.0\VC\bin\x86_amd64\link.exe /ERRORREPORT:PROMPT /OUT:"C:\Users\Administrator\Desktop\mona\WindowQuotePro\x64\Debug\WindowQuotePro.exe" /INCREMENTAL /NOLOGO /LIBPATH:C:\Users\Administrator\Desktop\mona\WindowQuotePro\ sqlite3.lib kernel32.lib user32.lib gdi32.lib winspool.lib comdlg32.lib advapi32.lib shell32.lib ole32.lib oleaut32.lib uuid.lib odbc32.lib odbccp32.lib /MANIFEST /MANIFESTUAC:"level='asInvoker' uiAccess='false'" /manifest:embed /DEBUG /PDB:"C:\Users\Administrator\Desktop\mona\WindowQuotePro\x64\Debug\WindowQuotePro.pdb" /SUBSYSTEM:WINDOWS /TLBID:1 /DYNAMICBASE /NXCOMPAT /IMPLIB:"C:\Users\Administrator\Desktop\mona\WindowQuotePro\x64\Debug\WindowQuotePro.lib" /MACHINE:X64 x64\Debug\app.obj
         x64\Debug\apprunner.obj
         x64\Debug\mainwindow.obj
         x64\Debug\quote.obj
         x64\Debug\quotemanager.obj
         x64\Debug\resource.obj
         WindowQuotePro.vcxproj -> C:\Users\Administrator\Desktop\mona\WindowQuotePro\x64\Debug\WindowQuotePro.exe
     1>Done Building Project "C:\Users\Administrator\Desktop\mona\WindowQuotePro\WindowQuotePro\WindowQuotePro.vcxproj" (Rebuild target(s)).

Build succeeded.

Time Elapsed 00:00:03.93
