Build started 24/12/2023 3:35:51 am.
     1>Project "C:\Users\Administrator\Desktop\mona\WindowQuotePro\WindowQuotePro\WindowQuotePro.vcxproj" on node 2 (Rebuild target(s)).
     1>ClCompile:
         C:\Program Files (x86)\Microsoft Visual Studio 12.0\VC\bin\x86_amd64\CL.exe /c /Zi /nologo /W3 /WX- /sdl /O2 /Oi /GL /D NDEBUG /D _WINDOWS /D _UNICODE /D UNICODE /Gm- /EHsc /MD /GS /Gy /fp:precise /Zc:wchar_t /Zc:forScope /Fo"x64\Release\\" /Fd"x64\Release\vc120.pdb" /Gd /TP /errorReport:prompt app.cpp apprunner.cpp mainwindow.cpp quote.cpp quotemanager.cpp resource.cpp
         app.cpp
         apprunner.cpp
         mainwindow.cpp
         quote.cpp
         quotemanager.cpp
         resource.cpp
       Link:
         C:\Program Files (x86)\Microsoft Visual Studio 12.0\VC\bin\x86_amd64\link.exe /ERRORREPORT:PROMPT /OUT:"C:\Users\Administrator\Desktop\mona\WindowQuotePro\x64\Release\WindowQuotePro.exe" /INCREMENTAL:NO /NOLOGO /LIBPATH:C:\Users\Administrator\Desktop\mona\WindowQuotePro sqlite3.lib kernel32.lib user32.lib gdi32.lib winspool.lib comdlg32.lib advapi32.lib shell32.lib ole32.lib oleaut32.lib uuid.lib odbc32.lib odbccp32.lib /MANIFEST /MANIFESTUAC:"level='asInvoker' uiAccess='false'" /manifest:embed /DEBUG /PDB:"C:\Users\Administrator\Desktop\mona\WindowQuotePro\x64\Release\WindowQuotePro.pdb" /SUBSYSTEM:WINDOWS /OPT:REF /OPT:ICF /LTCG /TLBID:1 /DYNAMICBASE /NXCOMPAT /IMPLIB:"C:\Users\Administrator\Desktop\mona\WindowQuotePro\x64\Release\WindowQuotePro.lib" /MACHINE:X64 x64\Release\app.obj
         x64\Release\apprunner.obj
         x64\Release\mainwindow.obj
         x64\Release\quote.obj
         x64\Release\quotemanager.obj
         x64\Release\resource.obj
         Generating code
         Finished generating code
         WindowQuotePro.vcxproj -> C:\Users\Administrator\Desktop\mona\WindowQuotePro\x64\Release\WindowQuotePro.exe
     1>Done Building Project "C:\Users\Administrator\Desktop\mona\WindowQuotePro\WindowQuotePro\WindowQuotePro.vcxproj" (Rebuild target(s)).

Build succeeded.

Time Elapsed 00:00:05.96
